
======================================================================
TCLNet EVALUATION RESULTS - MEVID Dataset
======================================================================
Log file: ./tools/results.log
Date: 2025-10-02 16:55:40
======================================================================
Extracted features for query set, obtained 316 samples
Extracted features for gallery set, obtained 1438 samples
======================================================================

Computing CMC and mAP
Overall Results ---------------------------------------------------
top1:36.7% top5:51.6% top10:58.9% top20:65.5% mAP:16.7%
-----------------------------------------------------------

Computing CMC and mAP only for the same clothes setting
28 query samples do not have groundtruth.
Results ---------------------------------------------------
top1:39.2% top5:53.8% top10:61.5% top20:67.7% mAP:23.4%
-----------------------------------------------------------

Computing CMC and mAP only for clothes-changing
32 query samples do not have groundtruth.
Results ---------------------------------------------------
top1:1.1% top5:6.0% top10:8.8% top20:14.1% mAP:2.8%
-----------------------------------------------------------

Computing CMC and mAP only for the same locations setting
3 query samples do not have groundtruth.
Results ---------------------------------------------------
top1:29.4% top5:42.2% top10:47.9% top20:54.3% mAP:15.1%
-----------------------------------------------------------

Computing CMC and mAP only for locations-changing
21 query samples do not have groundtruth.
Results ---------------------------------------------------
top1:23.7% top5:36.6% top10:41.7% top20:47.1% mAP:13.8%
-----------------------------------------------------------

Computing CMC and mAP only for the same scales setting
16 query samples do not have groundtruth.
Results ---------------------------------------------------
top1:29.0% top5:41.7% top10:47.7% top20:53.3% mAP:14.3%
-----------------------------------------------------------

Computing CMC and mAP only for scales-changing
18 query samples do not have groundtruth.
Results ---------------------------------------------------
top1:28.2% top5:39.3% top10:44.3% top20:50.7% mAP:13.7%
-----------------------------------------------------------

======================================================================
SUMMARY TABLE
======================================================================
Scenario                       mAP    Top-1    Top-5   Top-10   Top-20
----------------------------------------------------------------------
Overall                     16.7%   36.7%   51.6%   58.9%   65.5%
Same Clothes                23.4%   39.2%   53.8%   61.5%   67.7%
Clothes Changing             2.8%    1.1%    6.0%    8.8%   14.1%
Same Locations              15.1%   29.4%   42.2%   47.9%   54.3%
Locations Changing          13.8%   23.7%   36.6%   41.7%   47.1%
Same Scales                 14.3%   29.0%   41.7%   47.7%   53.3%
Scales Changing             13.7%   28.2%   39.3%   44.3%   50.7%
======================================================================

Evaluation complete in 1.3 seconds
Number of scenarios evaluated: 7
Log saved to: ./tools/results.log
======================================================================

