Logging results to: evaluation_results_20251003_120537.log

CUDA available: True
CUDA device: NVIDIA GeForce RTX 4050 Laptop GPU
CUDA version: 12.1

============================================================
Initializing MEVID dataset...
============================================================
=> MEVID loaded
Dataset statistics:
  ------------------------------
  subset   | # ids | # tracklets
  ------------------------------
  train    |   104 |     6338
  query    |    52 |      316
  gallery  |    54 |     1438
  ------------------------------
  total    |   156 |     8092
  number of images per tracklet: 1 ~ 1000, average 592.6
  ------------------------------

Creating data loaders...
Query loader: 316 batches
Gallery loader: 1438 batches

============================================================
Loading model...
============================================================
Loading checkpoint from:
C:\Users\VICTUS\Desktop\CVproject\MEVID-main\Attn-CL\Attn_best_model.tar
Loaded from 'state_dict' key
Checkpoint trained with: 104 classes
MEVID dataset has: 104 classes
Model size: 75.10637M parameters
+ Model loaded successfully!

============================================================
Starting evaluation...
============================================================

[1/4] Extracting query features...
------------------------------------------------------------
  Processing query batch 0/316
  Processing query batch 50/316
  Processing query batch 100/316
  Processing query batch 150/316
  Processing query batch 200/316
  Processing query batch 250/316
  Processing query batch 300/316
+ Extracted query features: 316 x 2048

[2/4] Extracting gallery features...
------------------------------------------------------------
  Processing gallery batch 0/1438
  Processing gallery batch 100/1438
  Processing gallery batch 200/1438
  Processing gallery batch 300/1438
  Processing gallery batch 400/1438
  Processing gallery batch 500/1438
  Processing gallery batch 600/1438
  Processing gallery batch 700/1438
  Processing gallery batch 800/1438
  Processing gallery batch 900/1438
  Processing gallery batch 1000/1438
  Processing gallery batch 1100/1438
  Processing gallery batch 1200/1438
  Processing gallery batch 1300/1438
  Processing gallery batch 1400/1438
+ Extracted gallery features: 1438 x 2048

[3/4] Computing distance matrix...
------------------------------------------------------------
+ Distance matrix computed: (316, 1438)

[4/4] Performing re-ranking...
------------------------------------------------------------
+ Re-ranking completed

Saving results...
+ Results saved to 'eval_results.npz'

================================================================================
EVALUATION RESULTS
================================================================================

================================================================================
1. OVERALL RESULTS
================================================================================

>>> Original Ranking:
------------------------------------------------------------
mAP: 16.0%
CMC Scores:
  Rank-1 : 43.0%
  Rank-5 : 64.2%
  Rank-10: 68.4%
  Rank-20: 75.0%

>>> Re-Ranking Results:
------------------------------------------------------------
mAP: 22.1%
CMC Scores:
  Rank-1 : 50.0%
  Rank-5 : 64.2%
  Rank-10: 67.7%
  Rank-20: 71.8%

================================================================================
2. SAME CLOTHES (SC)
================================================================================

28 query samples do not have groundtruth.
>>> Original Ranking:
------------------------------------------------------------
mAP: 22.2%
CMC Scores:
  Rank-1 : 45.8%
  Rank-5 : 68.1%
  Rank-10: 71.9%
  Rank-20: 77.4%

28 query samples do not have groundtruth.
>>> Re-Ranking Results:
------------------------------------------------------------
mAP: 30.1%
CMC Scores:
  Rank-1 : 54.2%
  Rank-5 : 67.7%
  Rank-10: 71.2%
  Rank-20: 74.7%

================================================================================
3. CHANGING CLOTHES (CC)
================================================================================

32 query samples do not have groundtruth.
>>> Original Ranking:
------------------------------------------------------------
mAP: 3.8%
CMC Scores:
  Rank-1 : 3.5%
  Rank-5 : 8.8%
  Rank-10: 14.4%
  Rank-20: 24.3%

32 query samples do not have groundtruth.
>>> Re-Ranking Results:
------------------------------------------------------------
mAP: 5.2%
CMC Scores:
  Rank-1 : 4.6%
  Rank-5 : 12.3%
  Rank-10: 15.1%
  Rank-20: 22.2%

================================================================================
4. SAME LOCATION (SL)
================================================================================

21 query samples do not have groundtruth.
>>> Original Ranking:
------------------------------------------------------------
mAP: 12.8%
CMC Scores:
  Rank-1 : 26.4%
  Rank-5 : 42.7%
  Rank-10: 48.5%
  Rank-20: 60.7%

21 query samples do not have groundtruth.
>>> Re-Ranking Results:
------------------------------------------------------------
mAP: 18.8%
CMC Scores:
  Rank-1 : 35.6%
  Rank-5 : 45.8%
  Rank-10: 48.5%
  Rank-20: 56.9%

================================================================================
5. DIFFERENT LOCATION (DL)
================================================================================

3 query samples do not have groundtruth.
>>> Original Ranking:
------------------------------------------------------------
mAP: 14.8%
CMC Scores:
  Rank-1 : 32.3%
  Rank-5 : 53.0%
  Rank-10: 59.1%
  Rank-20: 67.1%

3 query samples do not have groundtruth.
>>> Re-Ranking Results:
------------------------------------------------------------
mAP: 19.9%
CMC Scores:
  Rank-1 : 40.9%
  Rank-5 : 57.2%
  Rank-10: 61.7%
  Rank-20: 66.1%

================================================================================
6. SAME SCALE (SS)
================================================================================

16 query samples do not have groundtruth.
>>> Original Ranking:
------------------------------------------------------------
mAP: 14.2%
CMC Scores:
  Rank-1 : 32.0%
  Rank-5 : 54.7%
  Rank-10: 60.3%
  Rank-20: 67.0%

16 query samples do not have groundtruth.
>>> Re-Ranking Results:
------------------------------------------------------------
mAP: 19.7%
CMC Scores:
  Rank-1 : 39.0%
  Rank-5 : 55.7%
  Rank-10: 61.7%
  Rank-20: 68.7%

================================================================================
7. DIFFERENT SCALE (DS)
================================================================================

18 query samples do not have groundtruth.
>>> Original Ranking:
------------------------------------------------------------
mAP: 12.9%
CMC Scores:
  Rank-1 : 28.2%
  Rank-5 : 42.6%
  Rank-10: 48.3%
  Rank-20: 60.1%

18 query samples do not have groundtruth.
>>> Re-Ranking Results:
------------------------------------------------------------
mAP: 18.6%
CMC Scores:
  Rank-1 : 33.6%
  Rank-5 : 44.0%
  Rank-10: 49.3%
  Rank-20: 56.7%



Results saved to: evaluation_results_20251003_120537.log
